<?xml version="1.0" encoding="UTF-8"?>
<coverage generated="1692166667972" clover="3.2.0">
  <project timestamp="1692166667972" name="All files">
    <metrics statements="135" coveredstatements="135" conditionals="29" coveredconditionals="29" methods="4" coveredmethods="4" elements="168" coveredelements="168" complexity="0" loc="135" ncloc="135" packages="1" files="3" classes="3"/>
    <file name="caixa-da-lanchonete.js" path="C:\Users\evand\OneDrive\Área de Trabalho\Projetos\Desafio-Evandro-Marcos\src\caixa-da-lanchonete.js">
      <metrics statements="76" coveredstatements="76" conditionals="29" coveredconditionals="29" methods="4" coveredmethods="4"/>
      <line num="1" count="1" type="stmt"/>
      <line num="2" count="1" type="stmt"/>
      <line num="3" count="1" type="stmt"/>
      <line num="4" count="1" type="stmt"/>
      <line num="5" count="1" type="cond" truecount="1" falsecount="0"/>
      <line num="6" count="19" type="stmt"/>
      <line num="7" count="19" type="stmt"/>
      <line num="8" count="1" type="stmt"/>
      <line num="9" count="1" type="cond" truecount="1" falsecount="0"/>
      <line num="10" count="19" type="stmt"/>
      <line num="11" count="19" type="cond" truecount="1" falsecount="0"/>
      <line num="12" count="152" type="stmt"/>
      <line num="13" count="152" type="stmt"/>
      <line num="14" count="19" type="stmt"/>
      <line num="15" count="19" type="stmt"/>
      <line num="16" count="1" type="stmt"/>
      <line num="17" count="1" type="cond" truecount="1" falsecount="0"/>
      <line num="18" count="27" type="cond" truecount="1" falsecount="0"/>
      <line num="19" count="2" type="stmt"/>
      <line num="20" count="2" type="cond" truecount="1" falsecount="0"/>
      <line num="21" count="25" type="stmt"/>
      <line num="22" count="27" type="cond" truecount="1" falsecount="0"/>
      <line num="23" count="1" type="stmt"/>
      <line num="24" count="1" type="stmt"/>
      <line num="25" count="27" type="stmt"/>
      <line num="26" count="1" type="stmt"/>
      <line num="27" count="1" type="cond" truecount="1" falsecount="0"/>
      <line num="28" count="19" type="cond" truecount="1" falsecount="0"/>
      <line num="29" count="3" type="stmt"/>
      <line num="30" count="3" type="cond" truecount="1" falsecount="0"/>
      <line num="31" count="16" type="stmt"/>
      <line num="32" count="19" type="cond" truecount="1" falsecount="0"/>
      <line num="33" count="1" type="stmt"/>
      <line num="34" count="1" type="cond" truecount="1" falsecount="0"/>
      <line num="35" count="15" type="stmt"/>
      <line num="36" count="15" type="stmt"/>
      <line num="37" count="15" type="stmt"/>
      <line num="38" count="15" type="stmt"/>
      <line num="39" count="15" type="stmt"/>
      <line num="40" count="15" type="stmt"/>
      <line num="41" count="19" type="cond" truecount="1" falsecount="0"/>
      <line num="42" count="27" type="stmt"/>
      <line num="43" count="27" type="stmt"/>
      <line num="44" count="27" type="stmt"/>
      <line num="45" count="27" type="stmt"/>
      <line num="46" count="27" type="cond" truecount="1" falsecount="0"/>
      <line num="47" count="3" type="stmt"/>
      <line num="48" count="3" type="cond" truecount="1" falsecount="0"/>
      <line num="49" count="24" type="stmt"/>
      <line num="50" count="27" type="cond" truecount="1" falsecount="0"/>
      <line num="51" count="6" type="stmt"/>
      <line num="52" count="27" type="cond" truecount="2" falsecount="0"/>
      <line num="53" count="9" type="stmt"/>
      <line num="54" count="9" type="stmt"/>
      <line num="55" count="9" type="stmt"/>
      <line num="56" count="9" type="cond" truecount="1" falsecount="0"/>
      <line num="57" count="24" type="stmt"/>
      <line num="58" count="24" type="stmt"/>
      <line num="59" count="24" type="cond" truecount="1" falsecount="0"/>
      <line num="60" count="12" type="stmt"/>
      <line num="61" count="19" type="cond" truecount="1" falsecount="0"/>
      <line num="62" count="3" type="stmt"/>
      <line num="63" count="19" type="cond" truecount="2" falsecount="0"/>
      <line num="64" count="5" type="stmt"/>
      <line num="65" count="5" type="cond" truecount="1" falsecount="0"/>
      <line num="66" count="12" type="stmt"/>
      <line num="67" count="19" type="cond" truecount="2" falsecount="0"/>
      <line num="68" count="19" type="cond" truecount="2" falsecount="0"/>
      <line num="69" count="4" type="stmt"/>
      <line num="70" count="4" type="cond" truecount="1" falsecount="0"/>
      <line num="71" count="8" type="stmt"/>
      <line num="72" count="8" type="stmt"/>
      <line num="73" count="8" type="stmt"/>
      <line num="74" count="1" type="stmt"/>
      <line num="75" count="1" type="stmt"/>
      <line num="76" count="1" type="stmt"/>
    </file>
    <file name="cardapio.js" path="C:\Users\evand\OneDrive\Área de Trabalho\Projetos\Desafio-Evandro-Marcos\src\cardapio.js">
      <metrics statements="58" coveredstatements="58" conditionals="0" coveredconditionals="0" methods="0" coveredmethods="0"/>
      <line num="1" count="1" type="stmt"/>
      <line num="2" count="1" type="stmt"/>
      <line num="3" count="1" type="stmt"/>
      <line num="4" count="1" type="stmt"/>
      <line num="5" count="1" type="stmt"/>
      <line num="6" count="1" type="stmt"/>
      <line num="7" count="1" type="stmt"/>
      <line num="8" count="1" type="stmt"/>
      <line num="9" count="1" type="stmt"/>
      <line num="10" count="1" type="stmt"/>
      <line num="11" count="1" type="stmt"/>
      <line num="12" count="1" type="stmt"/>
      <line num="13" count="1" type="stmt"/>
      <line num="14" count="1" type="stmt"/>
      <line num="15" count="1" type="stmt"/>
      <line num="16" count="1" type="stmt"/>
      <line num="17" count="1" type="stmt"/>
      <line num="18" count="1" type="stmt"/>
      <line num="19" count="1" type="stmt"/>
      <line num="20" count="1" type="stmt"/>
      <line num="21" count="1" type="stmt"/>
      <line num="22" count="1" type="stmt"/>
      <line num="23" count="1" type="stmt"/>
      <line num="24" count="1" type="stmt"/>
      <line num="25" count="1" type="stmt"/>
      <line num="26" count="1" type="stmt"/>
      <line num="27" count="1" type="stmt"/>
      <line num="28" count="1" type="stmt"/>
      <line num="29" count="1" type="stmt"/>
      <line num="30" count="1" type="stmt"/>
      <line num="31" count="1" type="stmt"/>
      <line num="32" count="1" type="stmt"/>
      <line num="33" count="1" type="stmt"/>
      <line num="34" count="1" type="stmt"/>
      <line num="35" count="1" type="stmt"/>
      <line num="36" count="1" type="stmt"/>
      <line num="37" count="1" type="stmt"/>
      <line num="38" count="1" type="stmt"/>
      <line num="39" count="1" type="stmt"/>
      <line num="40" count="1" type="stmt"/>
      <line num="41" count="1" type="stmt"/>
      <line num="42" count="1" type="stmt"/>
      <line num="43" count="1" type="stmt"/>
      <line num="44" count="1" type="stmt"/>
      <line num="45" count="1" type="stmt"/>
      <line num="46" count="1" type="stmt"/>
      <line num="47" count="1" type="stmt"/>
      <line num="48" count="1" type="stmt"/>
      <line num="49" count="1" type="stmt"/>
      <line num="50" count="1" type="stmt"/>
      <line num="51" count="1" type="stmt"/>
      <line num="52" count="1" type="stmt"/>
      <line num="53" count="1" type="stmt"/>
      <line num="54" count="1" type="stmt"/>
      <line num="55" count="1" type="stmt"/>
      <line num="56" count="1" type="stmt"/>
      <line num="57" count="1" type="stmt"/>
      <line num="58" count="1" type="stmt"/>
    </file>
    <file name="forma-pagamento.js" path="C:\Users\evand\OneDrive\Área de Trabalho\Projetos\Desafio-Evandro-Marcos\src\forma-pagamento.js">
      <metrics statements="1" coveredstatements="1" conditionals="0" coveredconditionals="0" methods="0" coveredmethods="0"/>
      <line num="1" count="1" type="stmt"/>
    </file>
  </project>
</coverage>
