{"C:\\Users\\evand\\OneDrive\\Área de Trabalho\\Projetos\\Desafio-Evandro-Marcos\\src\\caixa-da-lanchonete.js": {"path":"C:\\Users\\evand\\OneDrive\\Área de Trabalho\\Projetos\\Desafio-Evandro-Marcos\\src\\caixa-da-lanchonete.js","all":false,"statementMap":{"0":{"start":{"line":1,"column":0},"end":{"line":1,"column":41}},"1":{"start":{"line":2,"column":0},"end":{"line":2,"column":56}},"2":{"start":{"line":3,"column":0},"end":{"line":3,"column":0}},"3":{"start":{"line":4,"column":0},"end":{"line":4,"column":25}},"4":{"start":{"line":5,"column":0},"end":{"line":5,"column":17}},"5":{"start":{"line":6,"column":0},"end":{"line":6,"column":55}},"6":{"start":{"line":7,"column":0},"end":{"line":7,"column":3}},"7":{"start":{"line":8,"column":0},"end":{"line":8,"column":0}},"8":{"start":{"line":9,"column":0},"end":{"line":9,"column":28}},"9":{"start":{"line":10,"column":0},"end":{"line":10,"column":30}},"10":{"start":{"line":11,"column":0},"end":{"line":11,"column":34}},"11":{"start":{"line":12,"column":0},"end":{"line":12,"column":95}},"12":{"start":{"line":13,"column":0},"end":{"line":13,"column":5}},"13":{"start":{"line":14,"column":0},"end":{"line":14,"column":26}},"14":{"start":{"line":15,"column":0},"end":{"line":15,"column":3}},"15":{"start":{"line":16,"column":0},"end":{"line":16,"column":0}},"16":{"start":{"line":17,"column":0},"end":{"line":17,"column":33}},"17":{"start":{"line":18,"column":0},"end":{"line":18,"column":36}},"18":{"start":{"line":19,"column":0},"end":{"line":19,"column":40}},"19":{"start":{"line":20,"column":0},"end":{"line":20,"column":5}},"20":{"start":{"line":21,"column":0},"end":{"line":21,"column":0}},"21":{"start":{"line":22,"column":0},"end":{"line":22,"column":47}},"22":{"start":{"line":23,"column":0},"end":{"line":23,"column":46}},"23":{"start":{"line":24,"column":0},"end":{"line":24,"column":5}},"24":{"start":{"line":25,"column":0},"end":{"line":25,"column":3}},"25":{"start":{"line":26,"column":0},"end":{"line":26,"column":0}},"26":{"start":{"line":27,"column":0},"end":{"line":27,"column":51}},"27":{"start":{"line":28,"column":0},"end":{"line":28,"column":29}},"28":{"start":{"line":29,"column":0},"end":{"line":29,"column":51}},"29":{"start":{"line":30,"column":0},"end":{"line":30,"column":5}},"30":{"start":{"line":31,"column":0},"end":{"line":31,"column":0}},"31":{"start":{"line":32,"column":0},"end":{"line":32,"column":56}},"32":{"start":{"line":33,"column":0},"end":{"line":33,"column":44}},"33":{"start":{"line":34,"column":0},"end":{"line":34,"column":5}},"34":{"start":{"line":35,"column":0},"end":{"line":35,"column":0}},"35":{"start":{"line":36,"column":0},"end":{"line":36,"column":18}},"36":{"start":{"line":37,"column":0},"end":{"line":37,"column":34}},"37":{"start":{"line":38,"column":0},"end":{"line":38,"column":29}},"38":{"start":{"line":39,"column":0},"end":{"line":39,"column":31}},"39":{"start":{"line":40,"column":0},"end":{"line":40,"column":0}},"40":{"start":{"line":41,"column":0},"end":{"line":41,"column":31}},"41":{"start":{"line":42,"column":0},"end":{"line":42,"column":52}},"42":{"start":{"line":43,"column":0},"end":{"line":43,"column":0}},"43":{"start":{"line":44,"column":0},"end":{"line":44,"column":11}},"44":{"start":{"line":45,"column":0},"end":{"line":45,"column":46}},"45":{"start":{"line":46,"column":0},"end":{"line":46,"column":23}},"46":{"start":{"line":47,"column":0},"end":{"line":47,"column":29}},"47":{"start":{"line":48,"column":0},"end":{"line":48,"column":7}},"48":{"start":{"line":49,"column":0},"end":{"line":49,"column":0}},"49":{"start":{"line":50,"column":0},"end":{"line":50,"column":36}},"50":{"start":{"line":51,"column":0},"end":{"line":51,"column":33}},"51":{"start":{"line":52,"column":0},"end":{"line":52,"column":38}},"52":{"start":{"line":53,"column":0},"end":{"line":53,"column":28}},"53":{"start":{"line":54,"column":0},"end":{"line":54,"column":38}},"54":{"start":{"line":55,"column":0},"end":{"line":55,"column":38}},"55":{"start":{"line":56,"column":0},"end":{"line":56,"column":7}},"56":{"start":{"line":57,"column":0},"end":{"line":57,"column":0}},"57":{"start":{"line":58,"column":0},"end":{"line":58,"column":70}},"58":{"start":{"line":59,"column":0},"end":{"line":59,"column":5}},"59":{"start":{"line":60,"column":0},"end":{"line":60,"column":0}},"60":{"start":{"line":61,"column":0},"end":{"line":61,"column":52}},"61":{"start":{"line":62,"column":0},"end":{"line":62,"column":20}},"62":{"start":{"line":63,"column":0},"end":{"line":63,"column":59}},"63":{"start":{"line":64,"column":0},"end":{"line":64,"column":20}},"64":{"start":{"line":65,"column":0},"end":{"line":65,"column":5}},"65":{"start":{"line":66,"column":0},"end":{"line":66,"column":0}},"66":{"start":{"line":67,"column":0},"end":{"line":67,"column":66}},"67":{"start":{"line":68,"column":0},"end":{"line":68,"column":67}},"68":{"start":{"line":69,"column":0},"end":{"line":69,"column":62}},"69":{"start":{"line":70,"column":0},"end":{"line":70,"column":5}},"70":{"start":{"line":71,"column":0},"end":{"line":71,"column":0}},"71":{"start":{"line":72,"column":0},"end":{"line":72,"column":54}},"72":{"start":{"line":73,"column":0},"end":{"line":73,"column":3}},"73":{"start":{"line":74,"column":0},"end":{"line":74,"column":1}},"74":{"start":{"line":75,"column":0},"end":{"line":75,"column":0}},"75":{"start":{"line":76,"column":0},"end":{"line":76,"column":29}}},"s":{"0":1,"1":1,"2":1,"3":1,"4":1,"5":19,"6":19,"7":1,"8":1,"9":19,"10":19,"11":152,"12":152,"13":19,"14":19,"15":1,"16":1,"17":27,"18":2,"19":2,"20":25,"21":27,"22":1,"23":1,"24":27,"25":1,"26":1,"27":19,"28":3,"29":3,"30":16,"31":19,"32":1,"33":1,"34":15,"35":15,"36":15,"37":15,"38":15,"39":15,"40":19,"41":27,"42":27,"43":27,"44":27,"45":27,"46":3,"47":3,"48":24,"49":27,"50":6,"51":27,"52":9,"53":9,"54":9,"55":9,"56":24,"57":24,"58":24,"59":12,"60":19,"61":3,"62":19,"63":5,"64":5,"65":12,"66":19,"67":19,"68":4,"69":4,"70":8,"71":8,"72":8,"73":1,"74":1,"75":1},"branchMap":{"0":{"type":"branch","line":5,"loc":{"start":{"line":5,"column":2},"end":{"line":7,"column":3}},"locations":[{"start":{"line":5,"column":2},"end":{"line":7,"column":3}}]},"1":{"type":"branch","line":9,"loc":{"start":{"line":9,"column":2},"end":{"line":15,"column":3}},"locations":[{"start":{"line":9,"column":2},"end":{"line":15,"column":3}}]},"2":{"type":"branch","line":11,"loc":{"start":{"line":11,"column":33},"end":{"line":13,"column":5}},"locations":[{"start":{"line":11,"column":33},"end":{"line":13,"column":5}}]},"3":{"type":"branch","line":17,"loc":{"start":{"line":17,"column":2},"end":{"line":25,"column":3}},"locations":[{"start":{"line":17,"column":2},"end":{"line":25,"column":3}}]},"4":{"type":"branch","line":18,"loc":{"start":{"line":18,"column":35},"end":{"line":20,"column":5}},"locations":[{"start":{"line":18,"column":35},"end":{"line":20,"column":5}}]},"5":{"type":"branch","line":20,"loc":{"start":{"line":20,"column":4},"end":{"line":22,"column":44}},"locations":[{"start":{"line":20,"column":4},"end":{"line":22,"column":44}}]},"6":{"type":"branch","line":22,"loc":{"start":{"line":22,"column":46},"end":{"line":24,"column":5}},"locations":[{"start":{"line":22,"column":46},"end":{"line":24,"column":5}}]},"7":{"type":"branch","line":27,"loc":{"start":{"line":27,"column":2},"end":{"line":73,"column":3}},"locations":[{"start":{"line":27,"column":2},"end":{"line":73,"column":3}}]},"8":{"type":"branch","line":28,"loc":{"start":{"line":28,"column":28},"end":{"line":30,"column":5}},"locations":[{"start":{"line":28,"column":28},"end":{"line":30,"column":5}}]},"9":{"type":"branch","line":30,"loc":{"start":{"line":30,"column":4},"end":{"line":32,"column":55}},"locations":[{"start":{"line":30,"column":4},"end":{"line":32,"column":55}}]},"10":{"type":"branch","line":32,"loc":{"start":{"line":32,"column":55},"end":{"line":34,"column":5}},"locations":[{"start":{"line":32,"column":55},"end":{"line":34,"column":5}}]},"11":{"type":"branch","line":34,"loc":{"start":{"line":34,"column":4},"end":{"line":41,"column":30}},"locations":[{"start":{"line":34,"column":4},"end":{"line":41,"column":30}}]},"12":{"type":"branch","line":41,"loc":{"start":{"line":41,"column":30},"end":{"line":59,"column":5}},"locations":[{"start":{"line":41,"column":30},"end":{"line":59,"column":5}}]},"13":{"type":"branch","line":46,"loc":{"start":{"line":46,"column":8},"end":{"line":48,"column":7}},"locations":[{"start":{"line":46,"column":8},"end":{"line":48,"column":7}}]},"14":{"type":"branch","line":48,"loc":{"start":{"line":48,"column":6},"end":{"line":50,"column":35}},"locations":[{"start":{"line":48,"column":6},"end":{"line":50,"column":35}}]},"15":{"type":"branch","line":50,"loc":{"start":{"line":50,"column":35},"end":{"line":52,"column":7}},"locations":[{"start":{"line":50,"column":35},"end":{"line":52,"column":7}}]},"16":{"type":"branch","line":52,"loc":{"start":{"line":52,"column":7},"end":{"line":56,"column":7}},"locations":[{"start":{"line":52,"column":7},"end":{"line":56,"column":7}}]},"17":{"type":"branch","line":52,"loc":{"start":{"line":52,"column":37},"end":{"line":56,"column":7}},"locations":[{"start":{"line":52,"column":37},"end":{"line":56,"column":7}}]},"18":{"type":"branch","line":56,"loc":{"start":{"line":56,"column":6},"end":{"line":59,"column":5}},"locations":[{"start":{"line":56,"column":6},"end":{"line":59,"column":5}}]},"19":{"type":"branch","line":59,"loc":{"start":{"line":59,"column":4},"end":{"line":61,"column":51}},"locations":[{"start":{"line":59,"column":4},"end":{"line":61,"column":51}}]},"20":{"type":"branch","line":61,"loc":{"start":{"line":61,"column":51},"end":{"line":63,"column":5}},"locations":[{"start":{"line":61,"column":51},"end":{"line":63,"column":5}}]},"21":{"type":"branch","line":63,"loc":{"start":{"line":63,"column":5},"end":{"line":65,"column":5}},"locations":[{"start":{"line":63,"column":5},"end":{"line":65,"column":5}}]},"22":{"type":"branch","line":63,"loc":{"start":{"line":63,"column":58},"end":{"line":65,"column":5}},"locations":[{"start":{"line":63,"column":58},"end":{"line":65,"column":5}}]},"23":{"type":"branch","line":65,"loc":{"start":{"line":65,"column":4},"end":{"line":67,"column":49}},"locations":[{"start":{"line":65,"column":4},"end":{"line":67,"column":49}}]},"24":{"type":"branch","line":67,"loc":{"start":{"line":67,"column":45},"end":{"line":67,"column":62}},"locations":[{"start":{"line":67,"column":45},"end":{"line":67,"column":62}}]},"25":{"type":"branch","line":67,"loc":{"start":{"line":67,"column":62},"end":{"line":68,"column":64}},"locations":[{"start":{"line":67,"column":62},"end":{"line":68,"column":64}}]},"26":{"type":"branch","line":68,"loc":{"start":{"line":68,"column":41},"end":{"line":68,"column":64}},"locations":[{"start":{"line":68,"column":41},"end":{"line":68,"column":64}}]},"27":{"type":"branch","line":68,"loc":{"start":{"line":68,"column":66},"end":{"line":70,"column":5}},"locations":[{"start":{"line":68,"column":66},"end":{"line":70,"column":5}}]},"28":{"type":"branch","line":70,"loc":{"start":{"line":70,"column":4},"end":{"line":73,"column":3}},"locations":[{"start":{"line":70,"column":4},"end":{"line":73,"column":3}}]}},"b":{"0":[19],"1":[19],"2":[152],"3":[27],"4":[2],"5":[25],"6":[1],"7":[19],"8":[3],"9":[16],"10":[1],"11":[15],"12":[27],"13":[3],"14":[24],"15":[6],"16":[18],"17":[9],"18":[24],"19":[12],"20":[3],"21":[9],"22":[5],"23":[12],"24":[2],"25":[10],"26":[7],"27":[4],"28":[8]},"fnMap":{"0":{"name":"CaixaDaLanchonete","decl":{"start":{"line":5,"column":2},"end":{"line":7,"column":3}},"loc":{"start":{"line":5,"column":2},"end":{"line":7,"column":3}},"line":5},"1":{"name":"calcularPrecosDosItens","decl":{"start":{"line":9,"column":2},"end":{"line":15,"column":3}},"loc":{"start":{"line":9,"column":2},"end":{"line":15,"column":3}},"line":9},"2":{"name":"validarItem","decl":{"start":{"line":17,"column":2},"end":{"line":25,"column":3}},"loc":{"start":{"line":17,"column":2},"end":{"line":25,"column":3}},"line":17},"3":{"name":"calcularValorDaCompra","decl":{"start":{"line":27,"column":2},"end":{"line":73,"column":3}},"loc":{"start":{"line":27,"column":2},"end":{"line":73,"column":3}},"line":27}},"f":{"0":19,"1":19,"2":27,"3":19}}
,"C:\\Users\\evand\\OneDrive\\Área de Trabalho\\Projetos\\Desafio-Evandro-Marcos\\src\\cardapio.js": {"path":"C:\\Users\\evand\\OneDrive\\Área de Trabalho\\Projetos\\Desafio-Evandro-Marcos\\src\\cardapio.js","all":false,"statementMap":{"0":{"start":{"line":1,"column":0},"end":{"line":1,"column":25}},"1":{"start":{"line":2,"column":0},"end":{"line":2,"column":4}},"2":{"start":{"line":3,"column":0},"end":{"line":3,"column":20}},"3":{"start":{"line":4,"column":0},"end":{"line":4,"column":23}},"4":{"start":{"line":5,"column":0},"end":{"line":5,"column":22}},"5":{"start":{"line":6,"column":0},"end":{"line":6,"column":28}},"6":{"start":{"line":7,"column":0},"end":{"line":7,"column":16}},"7":{"start":{"line":8,"column":0},"end":{"line":8,"column":4}},"8":{"start":{"line":9,"column":0},"end":{"line":9,"column":4}},"9":{"start":{"line":10,"column":0},"end":{"line":10,"column":24}},"10":{"start":{"line":11,"column":0},"end":{"line":11,"column":43}},"11":{"start":{"line":12,"column":0},"end":{"line":12,"column":22}},"12":{"start":{"line":13,"column":0},"end":{"line":13,"column":32}},"13":{"start":{"line":14,"column":0},"end":{"line":14,"column":15}},"14":{"start":{"line":15,"column":0},"end":{"line":15,"column":4}},"15":{"start":{"line":16,"column":0},"end":{"line":16,"column":4}},"16":{"start":{"line":17,"column":0},"end":{"line":17,"column":20}},"17":{"start":{"line":18,"column":0},"end":{"line":18,"column":31}},"18":{"start":{"line":19,"column":0},"end":{"line":19,"column":22}},"19":{"start":{"line":20,"column":0},"end":{"line":20,"column":28}},"20":{"start":{"line":21,"column":0},"end":{"line":21,"column":16}},"21":{"start":{"line":22,"column":0},"end":{"line":22,"column":4}},"22":{"start":{"line":23,"column":0},"end":{"line":23,"column":4}},"23":{"start":{"line":24,"column":0},"end":{"line":24,"column":25}},"24":{"start":{"line":25,"column":0},"end":{"line":25,"column":28}},"25":{"start":{"line":26,"column":0},"end":{"line":26,"column":22}},"26":{"start":{"line":27,"column":0},"end":{"line":27,"column":33}},"27":{"start":{"line":28,"column":0},"end":{"line":28,"column":16}},"28":{"start":{"line":29,"column":0},"end":{"line":29,"column":4}},"29":{"start":{"line":30,"column":0},"end":{"line":30,"column":4}},"30":{"start":{"line":31,"column":0},"end":{"line":31,"column":22}},"31":{"start":{"line":32,"column":0},"end":{"line":32,"column":46}},"32":{"start":{"line":33,"column":0},"end":{"line":33,"column":22}},"33":{"start":{"line":34,"column":0},"end":{"line":34,"column":30}},"34":{"start":{"line":35,"column":0},"end":{"line":35,"column":15}},"35":{"start":{"line":36,"column":0},"end":{"line":36,"column":4}},"36":{"start":{"line":37,"column":0},"end":{"line":37,"column":4}},"37":{"start":{"line":38,"column":0},"end":{"line":38,"column":23}},"38":{"start":{"line":39,"column":0},"end":{"line":39,"column":26}},"39":{"start":{"line":40,"column":0},"end":{"line":40,"column":22}},"40":{"start":{"line":41,"column":0},"end":{"line":41,"column":31}},"41":{"start":{"line":42,"column":0},"end":{"line":42,"column":16}},"42":{"start":{"line":43,"column":0},"end":{"line":43,"column":4}},"43":{"start":{"line":44,"column":0},"end":{"line":44,"column":4}},"44":{"start":{"line":45,"column":0},"end":{"line":45,"column":22}},"45":{"start":{"line":46,"column":0},"end":{"line":46,"column":39}},"46":{"start":{"line":47,"column":0},"end":{"line":47,"column":22}},"47":{"start":{"line":48,"column":0},"end":{"line":48,"column":30}},"48":{"start":{"line":49,"column":0},"end":{"line":49,"column":16}},"49":{"start":{"line":50,"column":0},"end":{"line":50,"column":4}},"50":{"start":{"line":51,"column":0},"end":{"line":51,"column":4}},"51":{"start":{"line":52,"column":0},"end":{"line":52,"column":22}},"52":{"start":{"line":53,"column":0},"end":{"line":53,"column":39}},"53":{"start":{"line":54,"column":0},"end":{"line":54,"column":22}},"54":{"start":{"line":55,"column":0},"end":{"line":55,"column":27}},"55":{"start":{"line":56,"column":0},"end":{"line":56,"column":16}},"56":{"start":{"line":57,"column":0},"end":{"line":57,"column":3}},"57":{"start":{"line":58,"column":0},"end":{"line":58,"column":2}}},"s":{"0":1,"1":1,"2":1,"3":1,"4":1,"5":1,"6":1,"7":1,"8":1,"9":1,"10":1,"11":1,"12":1,"13":1,"14":1,"15":1,"16":1,"17":1,"18":1,"19":1,"20":1,"21":1,"22":1,"23":1,"24":1,"25":1,"26":1,"27":1,"28":1,"29":1,"30":1,"31":1,"32":1,"33":1,"34":1,"35":1,"36":1,"37":1,"38":1,"39":1,"40":1,"41":1,"42":1,"43":1,"44":1,"45":1,"46":1,"47":1,"48":1,"49":1,"50":1,"51":1,"52":1,"53":1,"54":1,"55":1,"56":1,"57":1},"branchMap":{},"b":{},"fnMap":{},"f":{}}
,"C:\\Users\\evand\\OneDrive\\Área de Trabalho\\Projetos\\Desafio-Evandro-Marcos\\src\\forma-pagamento.js": {"path":"C:\\Users\\evand\\OneDrive\\Área de Trabalho\\Projetos\\Desafio-Evandro-Marcos\\src\\forma-pagamento.js","all":false,"statementMap":{"0":{"start":{"line":1,"column":0},"end":{"line":1,"column":66}}},"s":{"0":1},"branchMap":{},"b":{},"fnMap":{},"f":{}}
}
