{"C:\\Users\\evand\\OneDrive\\Área de Trabalho\\Projetos\\Desafio Evandro Marcos da Silva de Carvalho\\src\\caixa-da-lanchonete.js": {"path":"C:\\Users\\evand\\OneDrive\\Área de Trabalho\\Projetos\\Desafio Evandro Marcos da Silva de Carvalho\\src\\caixa-da-lanchonete.js","all":false,"statementMap":{"0":{"start":{"line":1,"column":0},"end":{"line":1,"column":46}},"1":{"start":{"line":2,"column":0},"end":{"line":2,"column":0}},"2":{"start":{"line":3,"column":0},"end":{"line":3,"column":25}},"3":{"start":{"line":4,"column":0},"end":{"line":4,"column":53}},"4":{"start":{"line":5,"column":0},"end":{"line":5,"column":8}},"5":{"start":{"line":6,"column":0},"end":{"line":6,"column":33}},"6":{"start":{"line":7,"column":0},"end":{"line":7,"column":57}},"7":{"start":{"line":8,"column":0},"end":{"line":8,"column":9}},"8":{"start":{"line":9,"column":0},"end":{"line":9,"column":0}},"9":{"start":{"line":10,"column":0},"end":{"line":10,"column":67}},"10":{"start":{"line":11,"column":0},"end":{"line":11,"column":77}},"11":{"start":{"line":12,"column":0},"end":{"line":12,"column":0}},"12":{"start":{"line":13,"column":0},"end":{"line":13,"column":31}},"13":{"start":{"line":14,"column":0},"end":{"line":14,"column":50}},"14":{"start":{"line":15,"column":0},"end":{"line":15,"column":9}},"15":{"start":{"line":16,"column":0},"end":{"line":16,"column":0}},"16":{"start":{"line":17,"column":0},"end":{"line":17,"column":34}},"17":{"start":{"line":18,"column":0},"end":{"line":18,"column":38}},"18":{"start":{"line":19,"column":0},"end":{"line":19,"column":101}},"19":{"start":{"line":20,"column":0},"end":{"line":20,"column":9}},"20":{"start":{"line":21,"column":0},"end":{"line":21,"column":0}},"21":{"start":{"line":22,"column":0},"end":{"line":22,"column":22}},"22":{"start":{"line":23,"column":0},"end":{"line":23,"column":38}},"23":{"start":{"line":24,"column":0},"end":{"line":24,"column":32}},"24":{"start":{"line":25,"column":0},"end":{"line":25,"column":28}},"25":{"start":{"line":26,"column":0},"end":{"line":26,"column":0}},"26":{"start":{"line":27,"column":0},"end":{"line":27,"column":35}},"27":{"start":{"line":28,"column":0},"end":{"line":28,"column":58}},"28":{"start":{"line":29,"column":0},"end":{"line":29,"column":0}},"29":{"start":{"line":30,"column":0},"end":{"line":30,"column":43}},"30":{"start":{"line":31,"column":0},"end":{"line":31,"column":40}},"31":{"start":{"line":32,"column":0},"end":{"line":32,"column":13}},"32":{"start":{"line":33,"column":0},"end":{"line":33,"column":0}},"33":{"start":{"line":34,"column":0},"end":{"line":34,"column":55}},"34":{"start":{"line":35,"column":0},"end":{"line":35,"column":46}},"35":{"start":{"line":36,"column":0},"end":{"line":36,"column":13}},"36":{"start":{"line":37,"column":0},"end":{"line":37,"column":0}},"37":{"start":{"line":38,"column":0},"end":{"line":38,"column":42}},"38":{"start":{"line":39,"column":0},"end":{"line":39,"column":41}},"39":{"start":{"line":40,"column":0},"end":{"line":40,"column":44}},"40":{"start":{"line":41,"column":0},"end":{"line":41,"column":36}},"41":{"start":{"line":42,"column":0},"end":{"line":42,"column":44}},"42":{"start":{"line":43,"column":0},"end":{"line":43,"column":41}},"43":{"start":{"line":44,"column":0},"end":{"line":44,"column":25}},"44":{"start":{"line":45,"column":0},"end":{"line":45,"column":12}},"45":{"start":{"line":46,"column":0},"end":{"line":46,"column":0}},"46":{"start":{"line":47,"column":0},"end":{"line":47,"column":72}},"47":{"start":{"line":48,"column":0},"end":{"line":48,"column":9}},"48":{"start":{"line":49,"column":0},"end":{"line":49,"column":0}},"49":{"start":{"line":50,"column":0},"end":{"line":50,"column":47}},"50":{"start":{"line":51,"column":0},"end":{"line":51,"column":26}},"51":{"start":{"line":52,"column":0},"end":{"line":52,"column":52}},"52":{"start":{"line":53,"column":0},"end":{"line":53,"column":23}},"53":{"start":{"line":54,"column":0},"end":{"line":54,"column":53}},"54":{"start":{"line":55,"column":0},"end":{"line":55,"column":26}},"55":{"start":{"line":56,"column":0},"end":{"line":56,"column":9}},"56":{"start":{"line":57,"column":0},"end":{"line":57,"column":0}},"57":{"start":{"line":58,"column":0},"end":{"line":58,"column":65}},"58":{"start":{"line":59,"column":0},"end":{"line":59,"column":68}},"59":{"start":{"line":60,"column":0},"end":{"line":60,"column":68}},"60":{"start":{"line":61,"column":0},"end":{"line":61,"column":9}},"61":{"start":{"line":62,"column":0},"end":{"line":62,"column":0}},"62":{"start":{"line":63,"column":0},"end":{"line":63,"column":58}},"63":{"start":{"line":64,"column":0},"end":{"line":64,"column":5}},"64":{"start":{"line":65,"column":0},"end":{"line":65,"column":1}},"65":{"start":{"line":66,"column":0},"end":{"line":66,"column":0}},"66":{"start":{"line":67,"column":0},"end":{"line":67,"column":29}}},"s":{"0":1,"1":1,"2":1,"3":1,"4":19,"5":19,"6":3,"7":3,"8":16,"9":16,"10":16,"11":16,"12":19,"13":1,"14":1,"15":15,"16":15,"17":19,"18":120,"19":120,"20":15,"21":15,"22":15,"23":15,"24":15,"25":15,"26":19,"27":27,"28":27,"29":27,"30":2,"31":2,"32":25,"33":27,"34":1,"35":1,"36":24,"37":27,"38":6,"39":27,"40":9,"41":9,"42":9,"43":9,"44":24,"45":24,"46":24,"47":24,"48":12,"49":19,"50":3,"51":19,"52":4,"53":9,"54":5,"55":5,"56":12,"57":19,"58":19,"59":4,"60":4,"61":8,"62":8,"63":8,"64":1,"65":1,"66":1},"branchMap":{"0":{"type":"branch","line":4,"loc":{"start":{"line":4,"column":4},"end":{"line":64,"column":5}},"locations":[{"start":{"line":4,"column":4},"end":{"line":64,"column":5}}]},"1":{"type":"branch","line":6,"loc":{"start":{"line":6,"column":32},"end":{"line":8,"column":9}},"locations":[{"start":{"line":6,"column":32},"end":{"line":8,"column":9}}]},"2":{"type":"branch","line":8,"loc":{"start":{"line":8,"column":8},"end":{"line":13,"column":30}},"locations":[{"start":{"line":8,"column":8},"end":{"line":13,"column":30}}]},"3":{"type":"branch","line":13,"loc":{"start":{"line":13,"column":30},"end":{"line":15,"column":9}},"locations":[{"start":{"line":13,"column":30},"end":{"line":15,"column":9}}]},"4":{"type":"branch","line":15,"loc":{"start":{"line":15,"column":8},"end":{"line":18,"column":37}},"locations":[{"start":{"line":15,"column":8},"end":{"line":18,"column":37}}]},"5":{"type":"branch","line":18,"loc":{"start":{"line":18,"column":37},"end":{"line":20,"column":9}},"locations":[{"start":{"line":18,"column":37},"end":{"line":20,"column":9}}]},"6":{"type":"branch","line":20,"loc":{"start":{"line":20,"column":8},"end":{"line":27,"column":34}},"locations":[{"start":{"line":20,"column":8},"end":{"line":27,"column":34}}]},"7":{"type":"branch","line":27,"loc":{"start":{"line":27,"column":34},"end":{"line":48,"column":9}},"locations":[{"start":{"line":27,"column":34},"end":{"line":48,"column":9}}]},"8":{"type":"branch","line":30,"loc":{"start":{"line":30,"column":42},"end":{"line":32,"column":13}},"locations":[{"start":{"line":30,"column":42},"end":{"line":32,"column":13}}]},"9":{"type":"branch","line":32,"loc":{"start":{"line":32,"column":12},"end":{"line":34,"column":52}},"locations":[{"start":{"line":32,"column":12},"end":{"line":34,"column":52}}]},"10":{"type":"branch","line":34,"loc":{"start":{"line":34,"column":54},"end":{"line":36,"column":13}},"locations":[{"start":{"line":34,"column":54},"end":{"line":36,"column":13}}]},"11":{"type":"branch","line":36,"loc":{"start":{"line":36,"column":12},"end":{"line":38,"column":41}},"locations":[{"start":{"line":36,"column":12},"end":{"line":38,"column":41}}]},"12":{"type":"branch","line":38,"loc":{"start":{"line":38,"column":41},"end":{"line":40,"column":13}},"locations":[{"start":{"line":38,"column":41},"end":{"line":40,"column":13}}]},"13":{"type":"branch","line":40,"loc":{"start":{"line":40,"column":13},"end":{"line":44,"column":25}},"locations":[{"start":{"line":40,"column":13},"end":{"line":44,"column":25}}]},"14":{"type":"branch","line":40,"loc":{"start":{"line":40,"column":43},"end":{"line":44,"column":25}},"locations":[{"start":{"line":40,"column":43},"end":{"line":44,"column":25}}]},"15":{"type":"branch","line":44,"loc":{"start":{"line":44,"column":12},"end":{"line":48,"column":9}},"locations":[{"start":{"line":44,"column":12},"end":{"line":48,"column":9}}]},"16":{"type":"branch","line":48,"loc":{"start":{"line":48,"column":8},"end":{"line":50,"column":46}},"locations":[{"start":{"line":48,"column":8},"end":{"line":50,"column":46}}]},"17":{"type":"branch","line":50,"loc":{"start":{"line":50,"column":46},"end":{"line":52,"column":9}},"locations":[{"start":{"line":50,"column":46},"end":{"line":52,"column":9}}]},"18":{"type":"branch","line":52,"loc":{"start":{"line":52,"column":9},"end":{"line":56,"column":9}},"locations":[{"start":{"line":52,"column":9},"end":{"line":56,"column":9}}]},"19":{"type":"branch","line":52,"loc":{"start":{"line":52,"column":51},"end":{"line":54,"column":9}},"locations":[{"start":{"line":52,"column":51},"end":{"line":54,"column":9}}]},"20":{"type":"branch","line":54,"loc":{"start":{"line":54,"column":9},"end":{"line":56,"column":9}},"locations":[{"start":{"line":54,"column":9},"end":{"line":56,"column":9}}]},"21":{"type":"branch","line":56,"loc":{"start":{"line":56,"column":8},"end":{"line":58,"column":48}},"locations":[{"start":{"line":56,"column":8},"end":{"line":58,"column":48}}]},"22":{"type":"branch","line":58,"loc":{"start":{"line":58,"column":44},"end":{"line":58,"column":61}},"locations":[{"start":{"line":58,"column":44},"end":{"line":58,"column":61}}]},"23":{"type":"branch","line":58,"loc":{"start":{"line":58,"column":61},"end":{"line":59,"column":65}},"locations":[{"start":{"line":58,"column":61},"end":{"line":59,"column":65}}]},"24":{"type":"branch","line":59,"loc":{"start":{"line":59,"column":42},"end":{"line":59,"column":65}},"locations":[{"start":{"line":59,"column":42},"end":{"line":59,"column":65}}]},"25":{"type":"branch","line":59,"loc":{"start":{"line":59,"column":67},"end":{"line":61,"column":9}},"locations":[{"start":{"line":59,"column":67},"end":{"line":61,"column":9}}]},"26":{"type":"branch","line":61,"loc":{"start":{"line":61,"column":8},"end":{"line":64,"column":5}},"locations":[{"start":{"line":61,"column":8},"end":{"line":64,"column":5}}]}},"b":{"0":[19],"1":[3],"2":[16],"3":[1],"4":[15],"5":[120],"6":[15],"7":[27],"8":[2],"9":[25],"10":[1],"11":[24],"12":[6],"13":[18],"14":[9],"15":[24],"16":[12],"17":[3],"18":[9],"19":[4],"20":[5],"21":[12],"22":[2],"23":[10],"24":[7],"25":[4],"26":[8]},"fnMap":{"0":{"name":"calcularValorDaCompra","decl":{"start":{"line":4,"column":4},"end":{"line":64,"column":5}},"loc":{"start":{"line":4,"column":4},"end":{"line":64,"column":5}},"line":4}},"f":{"0":19}}
,"C:\\Users\\evand\\OneDrive\\Área de Trabalho\\Projetos\\Desafio Evandro Marcos da Silva de Carvalho\\src\\cardapio.js": {"path":"C:\\Users\\evand\\OneDrive\\Área de Trabalho\\Projetos\\Desafio Evandro Marcos da Silva de Carvalho\\src\\cardapio.js","all":false,"statementMap":{"0":{"start":{"line":1,"column":0},"end":{"line":1,"column":25}},"1":{"start":{"line":2,"column":0},"end":{"line":2,"column":4}},"2":{"start":{"line":3,"column":0},"end":{"line":3,"column":20}},"3":{"start":{"line":4,"column":0},"end":{"line":4,"column":23}},"4":{"start":{"line":5,"column":0},"end":{"line":5,"column":22}},"5":{"start":{"line":6,"column":0},"end":{"line":6,"column":26}},"6":{"start":{"line":7,"column":0},"end":{"line":7,"column":4}},"7":{"start":{"line":8,"column":0},"end":{"line":8,"column":4}},"8":{"start":{"line":9,"column":0},"end":{"line":9,"column":24}},"9":{"start":{"line":10,"column":0},"end":{"line":10,"column":43}},"10":{"start":{"line":11,"column":0},"end":{"line":11,"column":22}},"11":{"start":{"line":12,"column":0},"end":{"line":12,"column":30}},"12":{"start":{"line":13,"column":0},"end":{"line":13,"column":4}},"13":{"start":{"line":14,"column":0},"end":{"line":14,"column":4}},"14":{"start":{"line":15,"column":0},"end":{"line":15,"column":20}},"15":{"start":{"line":16,"column":0},"end":{"line":16,"column":31}},"16":{"start":{"line":17,"column":0},"end":{"line":17,"column":22}},"17":{"start":{"line":18,"column":0},"end":{"line":18,"column":26}},"18":{"start":{"line":19,"column":0},"end":{"line":19,"column":4}},"19":{"start":{"line":20,"column":0},"end":{"line":20,"column":4}},"20":{"start":{"line":21,"column":0},"end":{"line":21,"column":25}},"21":{"start":{"line":22,"column":0},"end":{"line":22,"column":28}},"22":{"start":{"line":23,"column":0},"end":{"line":23,"column":22}},"23":{"start":{"line":24,"column":0},"end":{"line":24,"column":31}},"24":{"start":{"line":25,"column":0},"end":{"line":25,"column":4}},"25":{"start":{"line":26,"column":0},"end":{"line":26,"column":4}},"26":{"start":{"line":27,"column":0},"end":{"line":27,"column":22}},"27":{"start":{"line":28,"column":0},"end":{"line":28,"column":46}},"28":{"start":{"line":29,"column":0},"end":{"line":29,"column":22}},"29":{"start":{"line":30,"column":0},"end":{"line":30,"column":28}},"30":{"start":{"line":31,"column":0},"end":{"line":31,"column":4}},"31":{"start":{"line":32,"column":0},"end":{"line":32,"column":4}},"32":{"start":{"line":33,"column":0},"end":{"line":33,"column":23}},"33":{"start":{"line":34,"column":0},"end":{"line":34,"column":26}},"34":{"start":{"line":35,"column":0},"end":{"line":35,"column":22}},"35":{"start":{"line":36,"column":0},"end":{"line":36,"column":29}},"36":{"start":{"line":37,"column":0},"end":{"line":37,"column":4}},"37":{"start":{"line":38,"column":0},"end":{"line":38,"column":4}},"38":{"start":{"line":39,"column":0},"end":{"line":39,"column":22}},"39":{"start":{"line":40,"column":0},"end":{"line":40,"column":39}},"40":{"start":{"line":41,"column":0},"end":{"line":41,"column":22}},"41":{"start":{"line":42,"column":0},"end":{"line":42,"column":28}},"42":{"start":{"line":43,"column":0},"end":{"line":43,"column":4}},"43":{"start":{"line":44,"column":0},"end":{"line":44,"column":4}},"44":{"start":{"line":45,"column":0},"end":{"line":45,"column":22}},"45":{"start":{"line":46,"column":0},"end":{"line":46,"column":39}},"46":{"start":{"line":47,"column":0},"end":{"line":47,"column":22}},"47":{"start":{"line":48,"column":0},"end":{"line":48,"column":25}},"48":{"start":{"line":49,"column":0},"end":{"line":49,"column":3}},"49":{"start":{"line":50,"column":0},"end":{"line":50,"column":2}}},"s":{"0":1,"1":1,"2":1,"3":1,"4":1,"5":1,"6":1,"7":1,"8":1,"9":1,"10":1,"11":1,"12":1,"13":1,"14":1,"15":1,"16":1,"17":1,"18":1,"19":1,"20":1,"21":1,"22":1,"23":1,"24":1,"25":1,"26":1,"27":1,"28":1,"29":1,"30":1,"31":1,"32":1,"33":1,"34":1,"35":1,"36":1,"37":1,"38":1,"39":1,"40":1,"41":1,"42":1,"43":1,"44":1,"45":1,"46":1,"47":1,"48":1,"49":1},"branchMap":{},"b":{},"fnMap":{},"f":{}}
}
