TN:
SF:src\caixa-da-lanchonete.js
FN:4,calcularValorDaCompra
FNF:1
FNH:1
FNDA:19,calcularValorDaCompra
DA:1,1
DA:2,1
DA:3,1
DA:4,1
DA:5,19
DA:6,19
DA:7,3
DA:8,3
DA:9,16
DA:10,16
DA:11,16
DA:12,16
DA:13,19
DA:14,1
DA:15,1
DA:16,15
DA:17,15
DA:18,19
DA:19,120
DA:20,120
DA:21,15
DA:22,15
DA:23,15
DA:24,15
DA:25,15
DA:26,15
DA:27,19
DA:28,27
DA:29,27
DA:30,27
DA:31,2
DA:32,2
DA:33,25
DA:34,27
DA:35,1
DA:36,1
DA:37,24
DA:38,27
DA:39,6
DA:40,27
DA:41,9
DA:42,9
DA:43,9
DA:44,9
DA:45,24
DA:46,24
DA:47,24
DA:48,24
DA:49,12
DA:50,19
DA:51,3
DA:52,19
DA:53,4
DA:54,9
DA:55,5
DA:56,5
DA:57,12
DA:58,19
DA:59,19
DA:60,4
DA:61,4
DA:62,8
DA:63,8
DA:64,8
DA:65,1
DA:66,1
DA:67,1
LF:67
LH:67
BRDA:4,0,0,19
BRDA:6,1,0,3
BRDA:8,2,0,16
BRDA:13,3,0,1
BRDA:15,4,0,15
BRDA:18,5,0,120
BRDA:20,6,0,15
BRDA:27,7,0,27
BRDA:30,8,0,2
BRDA:32,9,0,25
BRDA:34,10,0,1
BRDA:36,11,0,24
BRDA:38,12,0,6
BRDA:40,13,0,18
BRDA:40,14,0,9
BRDA:44,15,0,24
BRDA:48,16,0,12
BRDA:50,17,0,3
BRDA:52,18,0,9
BRDA:52,19,0,4
BRDA:54,20,0,5
BRDA:56,21,0,12
BRDA:58,22,0,2
BRDA:58,23,0,10
BRDA:59,24,0,7
BRDA:59,25,0,4
BRDA:61,26,0,8
BRF:27
BRH:27
end_of_record
TN:
SF:src\cardapio.js
FNF:0
FNH:0
DA:1,1
DA:2,1
DA:3,1
DA:4,1
DA:5,1
DA:6,1
DA:7,1
DA:8,1
DA:9,1
DA:10,1
DA:11,1
DA:12,1
DA:13,1
DA:14,1
DA:15,1
DA:16,1
DA:17,1
DA:18,1
DA:19,1
DA:20,1
DA:21,1
DA:22,1
DA:23,1
DA:24,1
DA:25,1
DA:26,1
DA:27,1
DA:28,1
DA:29,1
DA:30,1
DA:31,1
DA:32,1
DA:33,1
DA:34,1
DA:35,1
DA:36,1
DA:37,1
DA:38,1
DA:39,1
DA:40,1
DA:41,1
DA:42,1
DA:43,1
DA:44,1
DA:45,1
DA:46,1
DA:47,1
DA:48,1
DA:49,1
DA:50,1
LF:50
LH:50
BRF:0
BRH:0
end_of_record
