TN:
SF:src\caixa-da-lanchonete.js
FN:5,CaixaDaLanchonete
FN:9,calcularPrecosDosItens
FN:17,validarItem
FN:27,calcularValorDaCompra
FNF:4
FNH:4
FNDA:19,CaixaDaLanchonete
FNDA:19,calcularPrecosDosItens
FNDA:27,validarItem
FNDA:19,calcularValorDaCompra
DA:1,1
DA:2,1
DA:3,1
DA:4,1
DA:5,1
DA:6,19
DA:7,19
DA:8,1
DA:9,1
DA:10,19
DA:11,19
DA:12,152
DA:13,152
DA:14,19
DA:15,19
DA:16,1
DA:17,1
DA:18,27
DA:19,2
DA:20,2
DA:21,25
DA:22,27
DA:23,1
DA:24,1
DA:25,27
DA:26,1
DA:27,1
DA:28,19
DA:29,3
DA:30,3
DA:31,16
DA:32,19
DA:33,1
DA:34,1
DA:35,15
DA:36,15
DA:37,15
DA:38,15
DA:39,15
DA:40,15
DA:41,19
DA:42,27
DA:43,27
DA:44,27
DA:45,27
DA:46,27
DA:47,3
DA:48,3
DA:49,24
DA:50,27
DA:51,6
DA:52,27
DA:53,9
DA:54,9
DA:55,9
DA:56,9
DA:57,24
DA:58,24
DA:59,24
DA:60,12
DA:61,19
DA:62,3
DA:63,19
DA:64,5
DA:65,5
DA:66,12
DA:67,19
DA:68,19
DA:69,4
DA:70,4
DA:71,8
DA:72,8
DA:73,8
DA:74,1
DA:75,1
DA:76,1
LF:76
LH:76
BRDA:5,0,0,19
BRDA:9,1,0,19
BRDA:11,2,0,152
BRDA:17,3,0,27
BRDA:18,4,0,2
BRDA:20,5,0,25
BRDA:22,6,0,1
BRDA:27,7,0,19
BRDA:28,8,0,3
BRDA:30,9,0,16
BRDA:32,10,0,1
BRDA:34,11,0,15
BRDA:41,12,0,27
BRDA:46,13,0,3
BRDA:48,14,0,24
BRDA:50,15,0,6
BRDA:52,16,0,18
BRDA:52,17,0,9
BRDA:56,18,0,24
BRDA:59,19,0,12
BRDA:61,20,0,3
BRDA:63,21,0,9
BRDA:63,22,0,5
BRDA:65,23,0,12
BRDA:67,24,0,2
BRDA:67,25,0,10
BRDA:68,26,0,7
BRDA:68,27,0,4
BRDA:70,28,0,8
BRF:29
BRH:29
end_of_record
TN:
SF:src\cardapio.js
FNF:0
FNH:0
DA:1,1
DA:2,1
DA:3,1
DA:4,1
DA:5,1
DA:6,1
DA:7,1
DA:8,1
DA:9,1
DA:10,1
DA:11,1
DA:12,1
DA:13,1
DA:14,1
DA:15,1
DA:16,1
DA:17,1
DA:18,1
DA:19,1
DA:20,1
DA:21,1
DA:22,1
DA:23,1
DA:24,1
DA:25,1
DA:26,1
DA:27,1
DA:28,1
DA:29,1
DA:30,1
DA:31,1
DA:32,1
DA:33,1
DA:34,1
DA:35,1
DA:36,1
DA:37,1
DA:38,1
DA:39,1
DA:40,1
DA:41,1
DA:42,1
DA:43,1
DA:44,1
DA:45,1
DA:46,1
DA:47,1
DA:48,1
DA:49,1
DA:50,1
DA:51,1
DA:52,1
DA:53,1
DA:54,1
DA:55,1
DA:56,1
DA:57,1
DA:58,1
LF:58
LH:58
BRF:0
BRH:0
end_of_record
TN:
SF:src\forma-pagamento.js
FNF:0
FNH:0
DA:1,1
LF:1
LH:1
BRF:0
BRH:0
end_of_record
